<?xml version="1.0" encoding="UTF-8"?>
<!-- Generated by org.testng.reporters.JUnitReportReporter -->
<testsuite hostname="technopc-201217" failures="0" tests="2" name="com.fa.userlist.customers.CreateCustoemrValidInputs" time="32.177" errors="0" timestamp="2021-04-07T18:51:20 IST" skipped="0">
  <testcase classname="com.fa.userlist.customers.CreateCustoemrValidInputs" name="test" time="22.572"/>
  <system-out/>
  <testcase classname="com.fa.userlist.customers.CreateCustoemrValidInputs" name="test" time="9.605"/>
  <system-out/>
</testsuite> <!-- com.fa.userlist.customers.CreateCustoemrValidInputs -->
