<?xml version="1.0" encoding="UTF-8"?>
<!-- Generated by org.testng.reporters.JUnitReportReporter -->
<testsuite hostname="admin-PC" failures="0" tests="1" name="com.login.LoginUsingValidDetails" time="7.714" errors="0" timestamp="2021-02-09T16:59:47 IST" skipped="0">
  <testcase classname="com.login.LoginUsingValidDetails" name="test" time="7.714"/>
  <system-out/>
</testsuite> <!-- com.login.LoginUsingValidDetails -->
