<?xml version="1.0" encoding="UTF-8"?>
<!-- Generated by org.testng.reporters.JUnitReportReporter -->
<testsuite hostname="admin-PC" failures="0" tests="1" name="com.login.LoginUsingInvalidDetails" time="0.000" errors="0" timestamp="2021-02-09T16:59:47 IST" skipped="1">
  <testcase classname="com.login.LoginUsingInvalidDetails" name="test" time="0.000">
    <skipped/>
  </testcase> <!-- test -->
  <system-out/>
</testsuite> <!-- com.login.LoginUsingInvalidDetails -->
