<?xml version="1.0" encoding="UTF-8"?>
<!-- Generated by org.testng.reporters.JUnitReportReporter -->
<testsuite hostname="admin-PC" failures="0" tests="1" name="com.ogin.Login" time="42.176" errors="0" timestamp="2021-02-05T15:24:22 IST" skipped="1">
  <testcase classname="com.ogin.Login" name="checkTestuiteExicution" time="42.176">
    <skipped/>
  </testcase> <!-- checkTestuiteExicution -->
  <system-out/>
</testsuite> <!-- com.ogin.Login -->
