<?xml version="1.0" encoding="UTF-8"?>
<!-- Generated by org.testng.reporters.JUnitReportReporter -->
<testsuite hostname="technopc-201217" failures="0" tests="1" name="com.fa.userlist.customers.CreateCustomerBlankInputs" time="13.520" errors="0" timestamp="2021-04-07T17:24:30 IST" skipped="0">
  <testcase classname="com.fa.userlist.customers.CreateCustomerBlankInputs" name="test" time="13.520"/>
  <system-out/>
</testsuite> <!-- com.fa.userlist.customers.CreateCustomerBlankInputs -->
