<?xml version="1.0" encoding="UTF-8"?>
<!-- Generated by org.testng.reporters.JUnitReportReporter -->
<testsuite hostname="technopc-201217" failures="0" tests="1" name="com.fa.userlist.customers.CreateCustomerBlankInputs" time="11.239" errors="0" timestamp="2021-04-06T14:13:56 IST" skipped="0">
  <testcase classname="com.fa.userlist.customers.CreateCustomerBlankInputs" name="test" time="11.239"/>
  <system-out/>
</testsuite> <!-- com.fa.userlist.customers.CreateCustomerBlankInputs -->
