<?xml version="1.0" encoding="UTF-8"?>
<!-- Generated by org.testng.reporters.JUnitReportReporter -->
<testsuite hostname="admin-PC" failures="0" tests="1" name="com.login.LoginUnregisteredUser" time="1.727" errors="0" timestamp="2021-02-09T16:59:47 IST" skipped="0">
  <testcase classname="com.login.LoginUnregisteredUser" name="test" time="1.727"/>
  <system-out/>
</testsuite> <!-- com.login.LoginUnregisteredUser -->
