<?xml version="1.0" encoding="UTF-8"?>
<!-- Generated by org.testng.reporters.JUnitReportReporter -->
<testsuite hostname="technopc-201217" failures="0" tests="1" name="com.fa.userlist.customers.VerifyCustomers" time="38.254" errors="0" timestamp="2021-04-05T17:11:25 IST" skipped="0">
  <testcase classname="com.fa.userlist.customers.VerifyCustomers" name="checkTestuiteExicution" time="38.254"/>
  <system-out/>
</testsuite> <!-- com.fa.userlist.customers.VerifyCustomers -->
