<?xml version="1.0" encoding="UTF-8"?>
<!-- Generated by org.testng.reporters.JUnitReportReporter -->
<testsuite hostname="admin-PC" failures="0" tests="1" name="com.ogin.VerifyLoginFunction" time="3.590" errors="0" timestamp="2021-02-06T11:13:57 IST" skipped="0">
  <testcase classname="com.ogin.VerifyLoginFunction" name="test" time="3.590"/>
  <system-out/>
</testsuite> <!-- com.ogin.VerifyLoginFunction -->
