<?xml version="1.0" encoding="UTF-8"?>
<!-- Generated by org.testng.reporters.JUnitReportReporter -->
<testsuite hostname="technopc-201217" failures="0" tests="1" name="com.fa.userlist.customers.CreateCustoemrValidInputs" time="10.816" errors="0" timestamp="2021-04-13T12:27:44 IST" skipped="0">
  <testcase classname="com.fa.userlist.customers.CreateCustoemrValidInputs" name="test" time="10.816"/>
  <system-out/>
</testsuite> <!-- com.fa.userlist.customers.CreateCustoemrValidInputs -->
