<?xml version="1.0" encoding="UTF-8"?>
<!-- Generated by org.testng.reporters.JUnitReportReporter -->
<testsuite hostname="technopc-201217" failures="0" tests="1" name="com.fa.userlist.customers.VerifyCreateCustomer" time="7.013" errors="0" timestamp="2021-04-06T11:42:15 IST" skipped="0">
  <testcase classname="com.fa.userlist.customers.VerifyCreateCustomer" name="test" time="7.013"/>
  <system-out/>
</testsuite> <!-- com.fa.userlist.customers.VerifyCreateCustomer -->
